<?xml version="1.0" encoding="UTF-8"?>
<!-- Generated by org.testng.reporters.JUnitReportReporter -->
<testsuite hostname="LAPTOP-A97TSQ9U" failures="0" tests="4" name="Selenium_Framework.Selenium_Framework.MyTest" time="0.029" errors="0" timestamp="2025-05-24T17:01:26 IST" skipped="0">
  <testcase classname="Selenium_Framework.Selenium_Framework.MyTest" name="test1" time="0.010"/>
  <testcase classname="Selenium_Framework.Selenium_Framework.MyTest" name="test3" time="0.011"/>
  <testcase classname="Selenium_Framework.Selenium_Framework.MyTest" name="test2" time="0.006"/>
  <testcase classname="Selenium_Framework.Selenium_Framework.MyTest" name="test4" time="0.002"/>
</testsuite> <!-- Selenium_Framework.Selenium_Framework.MyTest -->
