<?xml version="1.0" encoding="UTF-8"?>
<!-- Generated by org.testng.reporters.JUnitReportReporter -->
<testsuite hostname="LAPTOP-A97TSQ9U" failures="0" tests="1" name="stepDefination.step" time="3.947" errors="0" timestamp="2025-05-25T14:14:09 IST" skipped="0">
  <testcase classname="stepDefination.step" name="userHomePage" time="3.947"/>
</testsuite> <!-- stepDefination.step -->
